


materialPath: E:\steam\steamapps\common\Half-Life 2 Deathmatch\hl2mp\materials
ConVarRef mat_reduceparticles doesn't point to an existing ConVar
material "/zs_stormier_v1" not found.
Material not found!: /ZS_STORMIER_V1
Can't find surfaceprop sheetrock for material PLASTER/VERTIGO_DRYWALL_PATCHED, using default
Patching WVT material: maps/zs_stormier_v1/nature/blendgrassgravel003a_wvt_patch
Patching WVT material: maps/zs_stormier_v1/nature/blendgrassgravel001b_wvt_patch
fixing up env_cubemap materials on brush sides...
0...1...2...3...4...5...6...7...8...9...10**** leaked ****
Entity npc_maker (502.00 -1258.00 -32.00) leaked!

FindPortalSide: Couldn't find a good match for which brush to assign to a portal near (1536.0 5120.0 340.0)
Leaf 0 contents: 
Leaf 1 contents: CONTENTS_SOLID 
viscontents (node 0 contents ^ node 1 contents): CONTENTS_SOLID 
This means that none of the brushes in leaf 0 or 1 that touches the portal has CONTENTS_SOLID 
Check for a huge brush enclosing the coordinates above that has contents CONTENTS_SOLID 
Candidate brush IDs: 


FindPortalSide: Couldn't find a good match for which brush to assign to a portal near (2048.0 4608.0 340.0)
Leaf 0 contents: 
Leaf 1 contents: CONTENTS_SOLID 
viscontents (node 0 contents ^ node 1 contents): CONTENTS_SOLID 
This means that none of the brushes in leaf 0 or 1 that touches the portal has CONTENTS_SOLID 
Check for a huge brush enclosing the coordinates above that has contents CONTENTS_SOLID 
Candidate brush IDs: 


FindPortalSide: Couldn't find a good match for which brush to assign to a portal near (512.0 5120.0 340.0)
Leaf 0 contents: 
Leaf 1 contents: CONTENTS_SOLID 
viscontents (node 0 contents ^ node 1 contents): CONTENTS_SOLID 
This means that none of the brushes in leaf 0 or 1 that touches the portal has CONTENTS_SOLID 
Check for a huge brush enclosing the coordinates above that has contents CONTENTS_SOLID 
Candidate brush IDs: 


FindPortalSide: Couldn't find a good match for which brush to assign to a portal near (-512.0 5120.0 340.0)
Leaf 0 contents: 
Leaf 1 contents: CONTENTS_SOLID 
viscontents (node 0 contents ^ node 1 contents): CONTENTS_SOLID 
This means that none of the brushes in leaf 0 or 1 that touches the portal has CONTENTS_SOLID 
Check for a huge brush enclosing the coordinates above that has contents CONTENTS_SOLID 
Candidate brush IDs: 


FindPortalSide: Couldn't find a good match for which brush to assign to a portal near (1292.0 3072.0 340.0)
Leaf 0 contents: CONTENTS_SOLID 
Leaf 1 contents: 
viscontents (node 0 contents ^ node 1 contents): CONTENTS_SOLID 
This means that none of the brushes in leaf 0 or 1 that touches the portal has CONTENTS_SOLID 
Check for a huge brush enclosing the coordinates above that has contents CONTENTS_SOLID 
Candidate brush IDs: 


FindPortalSide: Couldn't find a good match for which brush to assign to a portal near (1576.0 3072.0 340.0)
Leaf 0 contents: CONTENTS_SOLID 
Leaf 1 contents: 
viscontents (node 0 contents ^ node 1 contents): CONTENTS_SOLID 
This means that none of the brushes in leaf 0 or 1 that touches the portal has CONTENTS_SOLID 
Check for a huge brush enclosing the coordinates above that has contents CONTENTS_SOLID 
Candidate brush IDs: 


FindPortalSide: Couldn't find a good match for which brush to assign to a portal near (1820.0 3072.0 340.0)
Leaf 0 contents: CONTENTS_SOLID 
Leaf 1 contents: 
viscontents (node 0 contents ^ node 1 contents): CONTENTS_SOLID 
This means that none of the brushes in leaf 0 or 1 that touches the portal has CONTENTS_SOLID 
Check for a huge brush enclosing the coordinates above that has contents CONTENTS_SOLID 
Candidate brush IDs: 


FindPortalSide: Couldn't find a good match for which brush to assign to a portal near (2048.0 3584.0 340.0)
Leaf 0 contents: 
Leaf 1 contents: CONTENTS_SOLID 
viscontents (node 0 contents ^ node 1 contents): CONTENTS_SOLID 
This means that none of the brushes in leaf 0 or 1 that touches the portal has CONTENTS_SOLID 
Check for a huge brush enclosing the coordinates above that has contents CONTENTS_SOLID 
Candidate brush IDs: 

*** Suppressing further FindPortalSide errors.... ***
Processing areas...done (0)
Building Faces...done (0)
Chop Details...done (0)
Find Visible Detail Sides...
Merged 134 detail faces...done (0)
Merging details...done (0)
FixTjuncs...
PruneNodes...
WriteBSP...
NODRAW on terrain surface!
done (0)
material "skybox/rt" not found.
Can't load skybox file skybox/ to build the default cubemap!
Can't load skybox file skybox/ to build the default cubemap!
Finding displacement neighbors...
Finding lightmap sample positions...
Displacement Alpha : 0...1...2...3...4...5...6...7...8...9...10
Building Physics collision data...



materialPath: E:\steam\steamapps\common\Half-Life 2 Deathmatch\hl2mp\materials
ConVarRef mat_reduceparticles doesn't point to an existing ConVar
material "/zs_stormier_v1" not found.
Material not found!: /ZS_STORMIER_V1
Can't find surfaceprop sheetrock for material PLASTER/VERTIGO_DRYWALL_PATCHED, using default
Patching WVT material: maps/zs_stormier_v1/nature/blendgrassgravel003a_wvt_patch
Patching WVT material: maps/zs_stormier_v1/nature/blendgrassgravel001b_wvt_patch
fixing up env_cubemap materials on brush sides...
0...1...2...3...4...5...6...7...8...9...10**** leaked ****
Entity infodecal (730.90 -745.33 -88.00) leaked!

FindPortalSide: Couldn't find a good match for which brush to assign to a portal near (1536.0 5120.0 340.0)
Leaf 0 contents: 
Leaf 1 contents: CONTENTS_SOLID 
viscontents (node 0 contents ^ node 1 contents): CONTENTS_SOLID 
This means that none of the brushes in leaf 0 or 1 that touches the portal has CONTENTS_SOLID 
Check for a huge brush enclosing the coordinates above that has contents CONTENTS_SOLID 
Candidate brush IDs: 


FindPortalSide: Couldn't find a good match for which brush to assign to a portal near (2048.0 4608.0 340.0)
Leaf 0 contents: 
Leaf 1 contents: CONTENTS_SOLID 
viscontents (node 0 contents ^ node 1 contents): CONTENTS_SOLID 
This means that none of the brushes in leaf 0 or 1 that touches the portal has CONTENTS_SOLID 
Check for a huge brush enclosing the coordinates above that has contents CONTENTS_SOLID 
Candidate brush IDs: 


FindPortalSide: Couldn't find a good match for which brush to assign to a portal near (512.0 5120.0 340.0)
Leaf 0 contents: 
Leaf 1 contents: CONTENTS_SOLID 
viscontents (node 0 contents ^ node 1 contents): CONTENTS_SOLID 
This means that none of the brushes in leaf 0 or 1 that touches the portal has CONTENTS_SOLID 
Check for a huge brush enclosing the coordinates above that has contents CONTENTS_SOLID 
Candidate brush IDs: 


FindPortalSide: Couldn't find a good match for which brush to assign to a portal near (-512.0 5120.0 340.0)
Leaf 0 contents: 
Leaf 1 contents: CONTENTS_SOLID 
viscontents (node 0 contents ^ node 1 contents): CONTENTS_SOLID 
This means that none of the brushes in leaf 0 or 1 that touches the portal has CONTENTS_SOLID 
Check for a huge brush enclosing the coordinates above that has contents CONTENTS_SOLID 
Candidate brush IDs: 


FindPortalSide: Couldn't find a good match for which brush to assign to a portal near (1292.0 3072.0 340.0)
Leaf 0 contents: CONTENTS_SOLID 
Leaf 1 contents: 
viscontents (node 0 contents ^ node 1 contents): CONTENTS_SOLID 
This means that none of the brushes in leaf 0 or 1 that touches the portal has CONTENTS_SOLID 
Check for a huge brush enclosing the coordinates above that has contents CONTENTS_SOLID 
Candidate brush IDs: 


FindPortalSide: Couldn't find a good match for which brush to assign to a portal near (1576.0 3072.0 340.0)
Leaf 0 contents: CONTENTS_SOLID 
Leaf 1 contents: 
viscontents (node 0 contents ^ node 1 contents): CONTENTS_SOLID 
This means that none of the brushes in leaf 0 or 1 that touches the portal has CONTENTS_SOLID 
Check for a huge brush enclosing the coordinates above that has contents CONTENTS_SOLID 
Candidate brush IDs: 


FindPortalSide: Couldn't find a good match for which brush to assign to a portal near (1820.0 3072.0 340.0)
Leaf 0 contents: CONTENTS_SOLID 
Leaf 1 contents: 
viscontents (node 0 contents ^ node 1 contents): CONTENTS_SOLID 
This means that none of the brushes in leaf 0 or 1 that touches the portal has CONTENTS_SOLID 
Check for a huge brush enclosing the coordinates above that has contents CONTENTS_SOLID 
Candidate brush IDs: 


FindPortalSide: Couldn't find a good match for which brush to assign to a portal near (2048.0 3584.0 340.0)
Leaf 0 contents: 
Leaf 1 contents: CONTENTS_SOLID 
viscontents (node 0 contents ^ node 1 contents): CONTENTS_SOLID 
This means that none of the brushes in leaf 0 or 1 that touches the portal has CONTENTS_SOLID 
Check for a huge brush enclosing the coordinates above that has contents CONTENTS_SOLID 
Candidate brush IDs: 

*** Suppressing further FindPortalSide errors.... ***
Processing areas...done (0)
Building Faces...done (0)
Chop Details...done (0)
Find Visible Detail Sides...
Merged 134 detail faces...done (0)
Merging details...done (0)
FixTjuncs...
PruneNodes...
WriteBSP...
NODRAW on terrain surface!
done (0)
material "skybox/rt" not found.
Can't load skybox file skybox/ to build the default cubemap!
Can't load skybox file skybox/ to build the default cubemap!
Finding displacement neighbors...
Finding lightmap sample positions...
Displacement Alpha : 0...1...2...3...4...5...6...7...8...9...10
Building Physics collision data...



materialPath: E:\steam\steamapps\common\Half-Life 2 Deathmatch\hl2mp\materials
ConVarRef mat_reduceparticles doesn't point to an existing ConVar
material "/zs_stormier_v1" not found.
Material not found!: /ZS_STORMIER_V1
Can't find surfaceprop sheetrock for material PLASTER/VERTIGO_DRYWALL_PATCHED, using default
Patching WVT material: maps/zs_stormier_v1/nature/blendgrassgravel003a_wvt_patch
Patching WVT material: maps/zs_stormier_v1/nature/blendgrassgravel001b_wvt_patch
fixing up env_cubemap materials on brush sides...
0...1...2...3...4...5...6...7...8...9...10**** leaked ****
Entity infodecal (525.15 142.49 -88.00) leaked!

FindPortalSide: Couldn't find a good match for which brush to assign to a portal near (1536.0 5120.0 340.0)
Leaf 0 contents: 
Leaf 1 contents: CONTENTS_SOLID 
viscontents (node 0 contents ^ node 1 contents): CONTENTS_SOLID 
This means that none of the brushes in leaf 0 or 1 that touches the portal has CONTENTS_SOLID 
Check for a huge brush enclosing the coordinates above that has contents CONTENTS_SOLID 
Candidate brush IDs: 


FindPortalSide: Couldn't find a good match for which brush to assign to a portal near (2048.0 4608.0 340.0)
Leaf 0 contents: 
Leaf 1 contents: CONTENTS_SOLID 
viscontents (node 0 contents ^ node 1 contents): CONTENTS_SOLID 
This means that none of the brushes in leaf 0 or 1 that touches the portal has CONTENTS_SOLID 
Check for a huge brush enclosing the coordinates above that has contents CONTENTS_SOLID 
Candidate brush IDs: 


FindPortalSide: Couldn't find a good match for which brush to assign to a portal near (512.0 5120.0 340.0)
Leaf 0 contents: 
Leaf 1 contents: CONTENTS_SOLID 
viscontents (node 0 contents ^ node 1 contents): CONTENTS_SOLID 
This means that none of the brushes in leaf 0 or 1 that touches the portal has CONTENTS_SOLID 
Check for a huge brush enclosing the coordinates above that has contents CONTENTS_SOLID 
Candidate brush IDs: 


FindPortalSide: Couldn't find a good match for which brush to assign to a portal near (-512.0 5120.0 340.0)
Leaf 0 contents: 
Leaf 1 contents: CONTENTS_SOLID 
viscontents (node 0 contents ^ node 1 contents): CONTENTS_SOLID 
This means that none of the brushes in leaf 0 or 1 that touches the portal has CONTENTS_SOLID 
Check for a huge brush enclosing the coordinates above that has contents CONTENTS_SOLID 
Candidate brush IDs: 


FindPortalSide: Couldn't find a good match for which brush to assign to a portal near (1292.0 3072.0 340.0)
Leaf 0 contents: CONTENTS_SOLID 
Leaf 1 contents: 
viscontents (node 0 contents ^ node 1 contents): CONTENTS_SOLID 
This means that none of the brushes in leaf 0 or 1 that touches the portal has CONTENTS_SOLID 
Check for a huge brush enclosing the coordinates above that has contents CONTENTS_SOLID 
Candidate brush IDs: 


FindPortalSide: Couldn't find a good match for which brush to assign to a portal near (1576.0 3072.0 340.0)
Leaf 0 contents: CONTENTS_SOLID 
Leaf 1 contents: 
viscontents (node 0 contents ^ node 1 contents): CONTENTS_SOLID 
This means that none of the brushes in leaf 0 or 1 that touches the portal has CONTENTS_SOLID 
Check for a huge brush enclosing the coordinates above that has contents CONTENTS_SOLID 
Candidate brush IDs: 


FindPortalSide: Couldn't find a good match for which brush to assign to a portal near (1820.0 3072.0 340.0)
Leaf 0 contents: CONTENTS_SOLID 
Leaf 1 contents: 
viscontents (node 0 contents ^ node 1 contents): CONTENTS_SOLID 
This means that none of the brushes in leaf 0 or 1 that touches the portal has CONTENTS_SOLID 
Check for a huge brush enclosing the coordinates above that has contents CONTENTS_SOLID 
Candidate brush IDs: 


FindPortalSide: Couldn't find a good match for which brush to assign to a portal near (2048.0 3584.0 340.0)
Leaf 0 contents: 
Leaf 1 contents: CONTENTS_SOLID 
viscontents (node 0 contents ^ node 1 contents): CONTENTS_SOLID 
This means that none of the brushes in leaf 0 or 1 that touches the portal has CONTENTS_SOLID 
Check for a huge brush enclosing the coordinates above that has contents CONTENTS_SOLID 
Candidate brush IDs: 

*** Suppressing further FindPortalSide errors.... ***
Processing areas...done (0)
Building Faces...done (0)
Chop Details...done (0)
Find Visible Detail Sides...
Merged 134 detail faces...done (0)
Merging details...done (0)
FixTjuncs...
PruneNodes...
WriteBSP...
NODRAW on terrain surface!
done (0)
material "skybox/rt" not found.
Can't load skybox file skybox/ to build the default cubemap!
Can't load skybox file skybox/ to build the default cubemap!
Finding displacement neighbors...
Finding lightmap sample positions...
Displacement Alpha : 0...1...2...3...4...5...6...7...8...9...10
Building Physics collision data...



materialPath: E:\steam\steamapps\common\Half-Life 2 Deathmatch\hl2mp\materials
ConVarRef mat_reduceparticles doesn't point to an existing ConVar
material "/zs_stormier_v1" not found.
Material not found!: /ZS_STORMIER_V1
Can't find surfaceprop sheetrock for material PLASTER/VERTIGO_DRYWALL_PATCHED, using default
Patching WVT material: maps/zs_stormier_v1/nature/blendgrassgravel003a_wvt_patch
Patching WVT material: maps/zs_stormier_v1/nature/blendgrassgravel001b_wvt_patch
fixing up env_cubemap materials on brush sides...
0...1...2...3...4...5...6...7...8...9...10**** leaked ****
Entity infodecal (525.15 142.49 -88.00) leaked!

FindPortalSide: Couldn't find a good match for which brush to assign to a portal near (1536.0 5120.0 340.0)
Leaf 0 contents: 
Leaf 1 contents: CONTENTS_SOLID 
viscontents (node 0 contents ^ node 1 contents): CONTENTS_SOLID 
This means that none of the brushes in leaf 0 or 1 that touches the portal has CONTENTS_SOLID 
Check for a huge brush enclosing the coordinates above that has contents CONTENTS_SOLID 
Candidate brush IDs: 


FindPortalSide: Couldn't find a good match for which brush to assign to a portal near (2048.0 4608.0 340.0)
Leaf 0 contents: 
Leaf 1 contents: CONTENTS_SOLID 
viscontents (node 0 contents ^ node 1 contents): CONTENTS_SOLID 
This means that none of the brushes in leaf 0 or 1 that touches the portal has CONTENTS_SOLID 
Check for a huge brush enclosing the coordinates above that has contents CONTENTS_SOLID 
Candidate brush IDs: 


FindPortalSide: Couldn't find a good match for which brush to assign to a portal near (512.0 5120.0 340.0)
Leaf 0 contents: 
Leaf 1 contents: CONTENTS_SOLID 
viscontents (node 0 contents ^ node 1 contents): CONTENTS_SOLID 
This means that none of the brushes in leaf 0 or 1 that touches the portal has CONTENTS_SOLID 
Check for a huge brush enclosing the coordinates above that has contents CONTENTS_SOLID 
Candidate brush IDs: 


FindPortalSide: Couldn't find a good match for which brush to assign to a portal near (-512.0 5120.0 340.0)
Leaf 0 contents: 
Leaf 1 contents: CONTENTS_SOLID 
viscontents (node 0 contents ^ node 1 contents): CONTENTS_SOLID 
This means that none of the brushes in leaf 0 or 1 that touches the portal has CONTENTS_SOLID 
Check for a huge brush enclosing the coordinates above that has contents CONTENTS_SOLID 
Candidate brush IDs: 


FindPortalSide: Couldn't find a good match for which brush to assign to a portal near (1292.0 3072.0 340.0)
Leaf 0 contents: CONTENTS_SOLID 
Leaf 1 contents: 
viscontents (node 0 contents ^ node 1 contents): CONTENTS_SOLID 
This means that none of the brushes in leaf 0 or 1 that touches the portal has CONTENTS_SOLID 
Check for a huge brush enclosing the coordinates above that has contents CONTENTS_SOLID 
Candidate brush IDs: 


FindPortalSide: Couldn't find a good match for which brush to assign to a portal near (1576.0 3072.0 340.0)
Leaf 0 contents: CONTENTS_SOLID 
Leaf 1 contents: 
viscontents (node 0 contents ^ node 1 contents): CONTENTS_SOLID 
This means that none of the brushes in leaf 0 or 1 that touches the portal has CONTENTS_SOLID 
Check for a huge brush enclosing the coordinates above that has contents CONTENTS_SOLID 
Candidate brush IDs: 


FindPortalSide: Couldn't find a good match for which brush to assign to a portal near (1820.0 3072.0 340.0)
Leaf 0 contents: CONTENTS_SOLID 
Leaf 1 contents: 
viscontents (node 0 contents ^ node 1 contents): CONTENTS_SOLID 
This means that none of the brushes in leaf 0 or 1 that touches the portal has CONTENTS_SOLID 
Check for a huge brush enclosing the coordinates above that has contents CONTENTS_SOLID 
Candidate brush IDs: 


FindPortalSide: Couldn't find a good match for which brush to assign to a portal near (2048.0 3584.0 340.0)
Leaf 0 contents: 
Leaf 1 contents: CONTENTS_SOLID 
viscontents (node 0 contents ^ node 1 contents): CONTENTS_SOLID 
This means that none of the brushes in leaf 0 or 1 that touches the portal has CONTENTS_SOLID 
Check for a huge brush enclosing the coordinates above that has contents CONTENTS_SOLID 
Candidate brush IDs: 

*** Suppressing further FindPortalSide errors.... ***
Processing areas...done (0)
Building Faces...done (0)
Chop Details...done (0)
Find Visible Detail Sides...
Merged 134 detail faces...done (0)
Merging details...done (0)
FixTjuncs...
PruneNodes...
WriteBSP...
NODRAW on terrain surface!
done (0)
material "skybox/rt" not found.
Can't load skybox file skybox/ to build the default cubemap!
Can't load skybox file skybox/ to build the default cubemap!
Finding displacement neighbors...
Finding lightmap sample positions...
Displacement Alpha : 0...1...2...3...4...5...6...7...8...9...10
Building Physics collision data...



materialPath: E:\steam\steamapps\common\Half-Life 2 Deathmatch\hl2mp\materials
ConVarRef mat_reduceparticles doesn't point to an existing ConVar
material "/zs_stormier_v1" not found.
Material not found!: /ZS_STORMIER_V1
Can't find surfaceprop sheetrock for material PLASTER/VERTIGO_DRYWALL_PATCHED, using default
Patching WVT material: maps/zs_stormier_v1/nature/blendgrassgravel003a_wvt_patch
Patching WVT material: maps/zs_stormier_v1/nature/blendgrassgravel001b_wvt_patch
fixing up env_cubemap materials on brush sides...
0...1...2...3...4...5...6...7...8...9...10**** leaked ****
Entity prop_static (588.00 -56.00 -79.24) leaked!

FindPortalSide: Couldn't find a good match for which brush to assign to a portal near (1536.0 5120.0 340.0)
Leaf 0 contents: 
Leaf 1 contents: CONTENTS_SOLID 
viscontents (node 0 contents ^ node 1 contents): CONTENTS_SOLID 
This means that none of the brushes in leaf 0 or 1 that touches the portal has CONTENTS_SOLID 
Check for a huge brush enclosing the coordinates above that has contents CONTENTS_SOLID 
Candidate brush IDs: 


FindPortalSide: Couldn't find a good match for which brush to assign to a portal near (2048.0 4608.0 340.0)
Leaf 0 contents: 
Leaf 1 contents: CONTENTS_SOLID 
viscontents (node 0 contents ^ node 1 contents): CONTENTS_SOLID 
This means that none of the brushes in leaf 0 or 1 that touches the portal has CONTENTS_SOLID 
Check for a huge brush enclosing the coordinates above that has contents CONTENTS_SOLID 
Candidate brush IDs: 


FindPortalSide: Couldn't find a good match for which brush to assign to a portal near (512.0 5120.0 340.0)
Leaf 0 contents: 
Leaf 1 contents: CONTENTS_SOLID 
viscontents (node 0 contents ^ node 1 contents): CONTENTS_SOLID 
This means that none of the brushes in leaf 0 or 1 that touches the portal has CONTENTS_SOLID 
Check for a huge brush enclosing the coordinates above that has contents CONTENTS_SOLID 
Candidate brush IDs: 


FindPortalSide: Couldn't find a good match for which brush to assign to a portal near (-512.0 5120.0 340.0)
Leaf 0 contents: 
Leaf 1 contents: CONTENTS_SOLID 
viscontents (node 0 contents ^ node 1 contents): CONTENTS_SOLID 
This means that none of the brushes in leaf 0 or 1 that touches the portal has CONTENTS_SOLID 
Check for a huge brush enclosing the coordinates above that has contents CONTENTS_SOLID 
Candidate brush IDs: 


FindPortalSide: Couldn't find a good match for which brush to assign to a portal near (1292.0 3072.0 340.0)
Leaf 0 contents: CONTENTS_SOLID 
Leaf 1 contents: 
viscontents (node 0 contents ^ node 1 contents): CONTENTS_SOLID 
This means that none of the brushes in leaf 0 or 1 that touches the portal has CONTENTS_SOLID 
Check for a huge brush enclosing the coordinates above that has contents CONTENTS_SOLID 
Candidate brush IDs: 


FindPortalSide: Couldn't find a good match for which brush to assign to a portal near (1576.0 3072.0 340.0)
Leaf 0 contents: CONTENTS_SOLID 
Leaf 1 contents: 
viscontents (node 0 contents ^ node 1 contents): CONTENTS_SOLID 
This means that none of the brushes in leaf 0 or 1 that touches the portal has CONTENTS_SOLID 
Check for a huge brush enclosing the coordinates above that has contents CONTENTS_SOLID 
Candidate brush IDs: 


FindPortalSide: Couldn't find a good match for which brush to assign to a portal near (1820.0 3072.0 340.0)
Leaf 0 contents: CONTENTS_SOLID 
Leaf 1 contents: 
viscontents (node 0 contents ^ node 1 contents): CONTENTS_SOLID 
This means that none of the brushes in leaf 0 or 1 that touches the portal has CONTENTS_SOLID 
Check for a huge brush enclosing the coordinates above that has contents CONTENTS_SOLID 
Candidate brush IDs: 


FindPortalSide: Couldn't find a good match for which brush to assign to a portal near (2048.0 3584.0 340.0)
Leaf 0 contents: 
Leaf 1 contents: CONTENTS_SOLID 
viscontents (node 0 contents ^ node 1 contents): CONTENTS_SOLID 
This means that none of the brushes in leaf 0 or 1 that touches the portal has CONTENTS_SOLID 
Check for a huge brush enclosing the coordinates above that has contents CONTENTS_SOLID 
Candidate brush IDs: 

*** Suppressing further FindPortalSide errors.... ***
Processing areas...done (0)
Building Faces...done (0)
Chop Details...done (0)
Find Visible Detail Sides...
Merged 134 detail faces...done (0)
Merging details...done (0)
FixTjuncs...
PruneNodes...
WriteBSP...
NODRAW on terrain surface!
done (0)
material "skybox/rt" not found.
Can't load skybox file skybox/ to build the default cubemap!
Can't load skybox file skybox/ to build the default cubemap!
Finding displacement neighbors...
Finding lightmap sample positions...
Displacement Alpha : 0...1...2...3...4...5...6...7...8...9...10
Building Physics collision data...



materialPath: E:\steam\steamapps\common\Half-Life 2 Deathmatch\hl2mp\materials
ConVarRef mat_reduceparticles doesn't point to an existing ConVar
material "/zs_stormier_v1" not found.
Material not found!: /ZS_STORMIER_V1
Can't find surfaceprop sheetrock for material PLASTER/VERTIGO_DRYWALL_PATCHED, using default
Patching WVT material: maps/zs_stormier_v1/nature/blendgrassgravel003a_wvt_patch
Patching WVT material: maps/zs_stormier_v1/nature/blendgrassgravel001b_wvt_patch
fixing up env_cubemap materials on brush sides...
0...1...2...3...4...5...6...7...8...9...10**** leaked ****
Entity prop_physics_multiplayer (587.35 -196.00 -225.53) leaked!

FindPortalSide: Couldn't find a good match for which brush to assign to a portal near (1536.0 5120.0 340.0)
Leaf 0 contents: 
Leaf 1 contents: CONTENTS_SOLID 
viscontents (node 0 contents ^ node 1 contents): CONTENTS_SOLID 
This means that none of the brushes in leaf 0 or 1 that touches the portal has CONTENTS_SOLID 
Check for a huge brush enclosing the coordinates above that has contents CONTENTS_SOLID 
Candidate brush IDs: 


FindPortalSide: Couldn't find a good match for which brush to assign to a portal near (2048.0 4608.0 340.0)
Leaf 0 contents: 
Leaf 1 contents: CONTENTS_SOLID 
viscontents (node 0 contents ^ node 1 contents): CONTENTS_SOLID 
This means that none of the brushes in leaf 0 or 1 that touches the portal has CONTENTS_SOLID 
Check for a huge brush enclosing the coordinates above that has contents CONTENTS_SOLID 
Candidate brush IDs: 


FindPortalSide: Couldn't find a good match for which brush to assign to a portal near (512.0 5120.0 340.0)
Leaf 0 contents: 
Leaf 1 contents: CONTENTS_SOLID 
viscontents (node 0 contents ^ node 1 contents): CONTENTS_SOLID 
This means that none of the brushes in leaf 0 or 1 that touches the portal has CONTENTS_SOLID 
Check for a huge brush enclosing the coordinates above that has contents CONTENTS_SOLID 
Candidate brush IDs: 


FindPortalSide: Couldn't find a good match for which brush to assign to a portal near (-512.0 5120.0 340.0)
Leaf 0 contents: 
Leaf 1 contents: CONTENTS_SOLID 
viscontents (node 0 contents ^ node 1 contents): CONTENTS_SOLID 
This means that none of the brushes in leaf 0 or 1 that touches the portal has CONTENTS_SOLID 
Check for a huge brush enclosing the coordinates above that has contents CONTENTS_SOLID 
Candidate brush IDs: 


FindPortalSide: Couldn't find a good match for which brush to assign to a portal near (1292.0 3072.0 340.0)
Leaf 0 contents: CONTENTS_SOLID 
Leaf 1 contents: 
viscontents (node 0 contents ^ node 1 contents): CONTENTS_SOLID 
This means that none of the brushes in leaf 0 or 1 that touches the portal has CONTENTS_SOLID 
Check for a huge brush enclosing the coordinates above that has contents CONTENTS_SOLID 
Candidate brush IDs: 


FindPortalSide: Couldn't find a good match for which brush to assign to a portal near (1576.0 3072.0 340.0)
Leaf 0 contents: CONTENTS_SOLID 
Leaf 1 contents: 
viscontents (node 0 contents ^ node 1 contents): CONTENTS_SOLID 
This means that none of the brushes in leaf 0 or 1 that touches the portal has CONTENTS_SOLID 
Check for a huge brush enclosing the coordinates above that has contents CONTENTS_SOLID 
Candidate brush IDs: 


FindPortalSide: Couldn't find a good match for which brush to assign to a portal near (1820.0 3072.0 340.0)
Leaf 0 contents: CONTENTS_SOLID 
Leaf 1 contents: 
viscontents (node 0 contents ^ node 1 contents): CONTENTS_SOLID 
This means that none of the brushes in leaf 0 or 1 that touches the portal has CONTENTS_SOLID 
Check for a huge brush enclosing the coordinates above that has contents CONTENTS_SOLID 
Candidate brush IDs: 


FindPortalSide: Couldn't find a good match for which brush to assign to a portal near (2048.0 3584.0 340.0)
Leaf 0 contents: 
Leaf 1 contents: CONTENTS_SOLID 
viscontents (node 0 contents ^ node 1 contents): CONTENTS_SOLID 
This means that none of the brushes in leaf 0 or 1 that touches the portal has CONTENTS_SOLID 
Check for a huge brush enclosing the coordinates above that has contents CONTENTS_SOLID 
Candidate brush IDs: 

*** Suppressing further FindPortalSide errors.... ***
Processing areas...done (0)
Building Faces...done (0)
Chop Details...done (0)
Find Visible Detail Sides...
Merged 134 detail faces...done (0)
Merging details...done (0)
FixTjuncs...
PruneNodes...
WriteBSP...
NODRAW on terrain surface!
done (0)
material "skybox/rt" not found.
Can't load skybox file skybox/ to build the default cubemap!
Can't load skybox file skybox/ to build the default cubemap!
Finding displacement neighbors...
Finding lightmap sample positions...
Displacement Alpha : 0...1...2...3...4...5...6...7...8...9...10
Building Physics collision data...



materialPath: E:\steam\steamapps\common\Half-Life 2 Deathmatch\hl2mp\materials
ConVarRef mat_reduceparticles doesn't point to an existing ConVar
material "/zs_stormier_v1" not found.
Material not found!: /ZS_STORMIER_V1
Can't find surfaceprop sheetrock for material PLASTER/VERTIGO_DRYWALL_PATCHED, using default
Patching WVT material: maps/zs_stormier_v1/nature/blendgrassgravel003a_wvt_patch
Patching WVT material: maps/zs_stormier_v1/nature/blendgrassgravel001b_wvt_patch
fixing up env_cubemap materials on brush sides...
0...1...2...3...4...5...6...7...8...9...10**** leaked ****
Entity prop_static (-40.00 859.00 -88.00) leaked!

FindPortalSide: Couldn't find a good match for which brush to assign to a portal near (1536.0 5120.0 340.0)
Leaf 0 contents: 
Leaf 1 contents: CONTENTS_SOLID 
viscontents (node 0 contents ^ node 1 contents): CONTENTS_SOLID 
This means that none of the brushes in leaf 0 or 1 that touches the portal has CONTENTS_SOLID 
Check for a huge brush enclosing the coordinates above that has contents CONTENTS_SOLID 
Candidate brush IDs: 


FindPortalSide: Couldn't find a good match for which brush to assign to a portal near (2048.0 4608.0 340.0)
Leaf 0 contents: 
Leaf 1 contents: CONTENTS_SOLID 
viscontents (node 0 contents ^ node 1 contents): CONTENTS_SOLID 
This means that none of the brushes in leaf 0 or 1 that touches the portal has CONTENTS_SOLID 
Check for a huge brush enclosing the coordinates above that has contents CONTENTS_SOLID 
Candidate brush IDs: 


FindPortalSide: Couldn't find a good match for which brush to assign to a portal near (512.0 5120.0 340.0)
Leaf 0 contents: 
Leaf 1 contents: CONTENTS_SOLID 
viscontents (node 0 contents ^ node 1 contents): CONTENTS_SOLID 
This means that none of the brushes in leaf 0 or 1 that touches the portal has CONTENTS_SOLID 
Check for a huge brush enclosing the coordinates above that has contents CONTENTS_SOLID 
Candidate brush IDs: 


FindPortalSide: Couldn't find a good match for which brush to assign to a portal near (-512.0 5120.0 340.0)
Leaf 0 contents: 
Leaf 1 contents: CONTENTS_SOLID 
viscontents (node 0 contents ^ node 1 contents): CONTENTS_SOLID 
This means that none of the brushes in leaf 0 or 1 that touches the portal has CONTENTS_SOLID 
Check for a huge brush enclosing the coordinates above that has contents CONTENTS_SOLID 
Candidate brush IDs: 


FindPortalSide: Couldn't find a good match for which brush to assign to a portal near (1292.0 3072.0 340.0)
Leaf 0 contents: CONTENTS_SOLID 
Leaf 1 contents: 
viscontents (node 0 contents ^ node 1 contents): CONTENTS_SOLID 
This means that none of the brushes in leaf 0 or 1 that touches the portal has CONTENTS_SOLID 
Check for a huge brush enclosing the coordinates above that has contents CONTENTS_SOLID 
Candidate brush IDs: 


FindPortalSide: Couldn't find a good match for which brush to assign to a portal near (1576.0 3072.0 340.0)
Leaf 0 contents: CONTENTS_SOLID 
Leaf 1 contents: 
viscontents (node 0 contents ^ node 1 contents): CONTENTS_SOLID 
This means that none of the brushes in leaf 0 or 1 that touches the portal has CONTENTS_SOLID 
Check for a huge brush enclosing the coordinates above that has contents CONTENTS_SOLID 
Candidate brush IDs: 


FindPortalSide: Couldn't find a good match for which brush to assign to a portal near (1820.0 3072.0 340.0)
Leaf 0 contents: CONTENTS_SOLID 
Leaf 1 contents: 
viscontents (node 0 contents ^ node 1 contents): CONTENTS_SOLID 
This means that none of the brushes in leaf 0 or 1 that touches the portal has CONTENTS_SOLID 
Check for a huge brush enclosing the coordinates above that has contents CONTENTS_SOLID 
Candidate brush IDs: 


FindPortalSide: Couldn't find a good match for which brush to assign to a portal near (2048.0 3584.0 340.0)
Leaf 0 contents: 
Leaf 1 contents: CONTENTS_SOLID 
viscontents (node 0 contents ^ node 1 contents): CONTENTS_SOLID 
This means that none of the brushes in leaf 0 or 1 that touches the portal has CONTENTS_SOLID 
Check for a huge brush enclosing the coordinates above that has contents CONTENTS_SOLID 
Candidate brush IDs: 

*** Suppressing further FindPortalSide errors.... ***
Processing areas...done (0)
Building Faces...done (0)
Chop Details...done (0)
Find Visible Detail Sides...
Merged 134 detail faces...done (0)
Merging details...done (0)
FixTjuncs...
PruneNodes...
WriteBSP...
NODRAW on terrain surface!
done (0)
material "skybox/rt" not found.
Can't load skybox file skybox/ to build the default cubemap!
Can't load skybox file skybox/ to build the default cubemap!
Finding displacement neighbors...
Finding lightmap sample positions...
Displacement Alpha : 0...1...2...3...4...5...6...7...8...9...10
Building Physics collision data...



materialPath: E:\steam\steamapps\common\Half-Life 2 Deathmatch\hl2mp\materials
ConVarRef mat_reduceparticles doesn't point to an existing ConVar
material "/zs_stormier_v1" not found.
Material not found!: /ZS_STORMIER_V1
Can't find surfaceprop sheetrock for material PLASTER/VERTIGO_DRYWALL_PATCHED, using default
Patching WVT material: maps/zs_stormier_v1/nature/blendgrassgravel003a_wvt_patch
Patching WVT material: maps/zs_stormier_v1/nature/blendgrassgravel001b_wvt_patch
fixing up env_cubemap materials on brush sides...
0...1...2...3...4...5...6...7...8...9...10**** leaked ****
Entity func_brush (558.00 -68.00 -22.00) leaked!

FindPortalSide: Couldn't find a good match for which brush to assign to a portal near (1536.0 5120.0 340.0)
Leaf 0 contents: 
Leaf 1 contents: CONTENTS_SOLID 
viscontents (node 0 contents ^ node 1 contents): CONTENTS_SOLID 
This means that none of the brushes in leaf 0 or 1 that touches the portal has CONTENTS_SOLID 
Check for a huge brush enclosing the coordinates above that has contents CONTENTS_SOLID 
Candidate brush IDs: 


FindPortalSide: Couldn't find a good match for which brush to assign to a portal near (2048.0 4608.0 340.0)
Leaf 0 contents: 
Leaf 1 contents: CONTENTS_SOLID 
viscontents (node 0 contents ^ node 1 contents): CONTENTS_SOLID 
This means that none of the brushes in leaf 0 or 1 that touches the portal has CONTENTS_SOLID 
Check for a huge brush enclosing the coordinates above that has contents CONTENTS_SOLID 
Candidate brush IDs: 


FindPortalSide: Couldn't find a good match for which brush to assign to a portal near (512.0 5120.0 340.0)
Leaf 0 contents: 
Leaf 1 contents: CONTENTS_SOLID 
viscontents (node 0 contents ^ node 1 contents): CONTENTS_SOLID 
This means that none of the brushes in leaf 0 or 1 that touches the portal has CONTENTS_SOLID 
Check for a huge brush enclosing the coordinates above that has contents CONTENTS_SOLID 
Candidate brush IDs: 


FindPortalSide: Couldn't find a good match for which brush to assign to a portal near (-512.0 5120.0 340.0)
Leaf 0 contents: 
Leaf 1 contents: CONTENTS_SOLID 
viscontents (node 0 contents ^ node 1 contents): CONTENTS_SOLID 
This means that none of the brushes in leaf 0 or 1 that touches the portal has CONTENTS_SOLID 
Check for a huge brush enclosing the coordinates above that has contents CONTENTS_SOLID 
Candidate brush IDs: 


FindPortalSide: Couldn't find a good match for which brush to assign to a portal near (1292.0 3072.0 340.0)
Leaf 0 contents: CONTENTS_SOLID 
Leaf 1 contents: 
viscontents (node 0 contents ^ node 1 contents): CONTENTS_SOLID 
This means that none of the brushes in leaf 0 or 1 that touches the portal has CONTENTS_SOLID 
Check for a huge brush enclosing the coordinates above that has contents CONTENTS_SOLID 
Candidate brush IDs: 


FindPortalSide: Couldn't find a good match for which brush to assign to a portal near (1576.0 3072.0 340.0)
Leaf 0 contents: CONTENTS_SOLID 
Leaf 1 contents: 
viscontents (node 0 contents ^ node 1 contents): CONTENTS_SOLID 
This means that none of the brushes in leaf 0 or 1 that touches the portal has CONTENTS_SOLID 
Check for a huge brush enclosing the coordinates above that has contents CONTENTS_SOLID 
Candidate brush IDs: 


FindPortalSide: Couldn't find a good match for which brush to assign to a portal near (1820.0 3072.0 340.0)
Leaf 0 contents: CONTENTS_SOLID 
Leaf 1 contents: 
viscontents (node 0 contents ^ node 1 contents): CONTENTS_SOLID 
This means that none of the brushes in leaf 0 or 1 that touches the portal has CONTENTS_SOLID 
Check for a huge brush enclosing the coordinates above that has contents CONTENTS_SOLID 
Candidate brush IDs: 


FindPortalSide: Couldn't find a good match for which brush to assign to a portal near (2048.0 3584.0 340.0)
Leaf 0 contents: 
Leaf 1 contents: CONTENTS_SOLID 
viscontents (node 0 contents ^ node 1 contents): CONTENTS_SOLID 
This means that none of the brushes in leaf 0 or 1 that touches the portal has CONTENTS_SOLID 
Check for a huge brush enclosing the coordinates above that has contents CONTENTS_SOLID 
Candidate brush IDs: 

*** Suppressing further FindPortalSide errors.... ***
Processing areas...done (0)
Building Faces...done (0)
Chop Details...done (0)
Find Visible Detail Sides...
Merged 134 detail faces...done (0)
Merging details...done (0)
FixTjuncs...
PruneNodes...
WriteBSP...
NODRAW on terrain surface!
done (0)
material "skybox/rt" not found.
Can't load skybox file skybox/ to build the default cubemap!
Can't load skybox file skybox/ to build the default cubemap!
Finding displacement neighbors...
Finding lightmap sample positions...
Displacement Alpha : 0...1...2...3...4...5...6...7...8...9...10
Building Physics collision data...



materialPath: E:\steam\steamapps\common\Half-Life 2 Deathmatch\hl2mp\materials
ConVarRef mat_reduceparticles doesn't point to an existing ConVar
material "/zs_stormier_v1" not found.
Material not found!: /ZS_STORMIER_V1
Can't find surfaceprop sheetrock for material PLASTER/VERTIGO_DRYWALL_PATCHED, using default
Patching WVT material: maps/zs_stormier_v1/nature/blendgrassgravel003a_wvt_patch
Patching WVT material: maps/zs_stormier_v1/nature/blendgrassgravel001b_wvt_patch
fixing up env_cubemap materials on brush sides...
0...1...2...3...4...5...6...7...8...9...10**** leaked ****
Entity prop_static (620.00 356.00 -5.80) leaked!

FindPortalSide: Couldn't find a good match for which brush to assign to a portal near (1536.0 5120.0 340.0)
Leaf 0 contents: 
Leaf 1 contents: CONTENTS_SOLID 
viscontents (node 0 contents ^ node 1 contents): CONTENTS_SOLID 
This means that none of the brushes in leaf 0 or 1 that touches the portal has CONTENTS_SOLID 
Check for a huge brush enclosing the coordinates above that has contents CONTENTS_SOLID 
Candidate brush IDs: 


FindPortalSide: Couldn't find a good match for which brush to assign to a portal near (2048.0 4608.0 340.0)
Leaf 0 contents: 
Leaf 1 contents: CONTENTS_SOLID 
viscontents (node 0 contents ^ node 1 contents): CONTENTS_SOLID 
This means that none of the brushes in leaf 0 or 1 that touches the portal has CONTENTS_SOLID 
Check for a huge brush enclosing the coordinates above that has contents CONTENTS_SOLID 
Candidate brush IDs: 


FindPortalSide: Couldn't find a good match for which brush to assign to a portal near (512.0 5120.0 340.0)
Leaf 0 contents: 
Leaf 1 contents: CONTENTS_SOLID 
viscontents (node 0 contents ^ node 1 contents): CONTENTS_SOLID 
This means that none of the brushes in leaf 0 or 1 that touches the portal has CONTENTS_SOLID 
Check for a huge brush enclosing the coordinates above that has contents CONTENTS_SOLID 
Candidate brush IDs: 


FindPortalSide: Couldn't find a good match for which brush to assign to a portal near (-512.0 5120.0 340.0)
Leaf 0 contents: 
Leaf 1 contents: CONTENTS_SOLID 
viscontents (node 0 contents ^ node 1 contents): CONTENTS_SOLID 
This means that none of the brushes in leaf 0 or 1 that touches the portal has CONTENTS_SOLID 
Check for a huge brush enclosing the coordinates above that has contents CONTENTS_SOLID 
Candidate brush IDs: 


FindPortalSide: Couldn't find a good match for which brush to assign to a portal near (1292.0 3072.0 340.0)
Leaf 0 contents: CONTENTS_SOLID 
Leaf 1 contents: 
viscontents (node 0 contents ^ node 1 contents): CONTENTS_SOLID 
This means that none of the brushes in leaf 0 or 1 that touches the portal has CONTENTS_SOLID 
Check for a huge brush enclosing the coordinates above that has contents CONTENTS_SOLID 
Candidate brush IDs: 


FindPortalSide: Couldn't find a good match for which brush to assign to a portal near (1576.0 3072.0 340.0)
Leaf 0 contents: CONTENTS_SOLID 
Leaf 1 contents: 
viscontents (node 0 contents ^ node 1 contents): CONTENTS_SOLID 
This means that none of the brushes in leaf 0 or 1 that touches the portal has CONTENTS_SOLID 
Check for a huge brush enclosing the coordinates above that has contents CONTENTS_SOLID 
Candidate brush IDs: 


FindPortalSide: Couldn't find a good match for which brush to assign to a portal near (1820.0 3072.0 340.0)
Leaf 0 contents: CONTENTS_SOLID 
Leaf 1 contents: 
viscontents (node 0 contents ^ node 1 contents): CONTENTS_SOLID 
This means that none of the brushes in leaf 0 or 1 that touches the portal has CONTENTS_SOLID 
Check for a huge brush enclosing the coordinates above that has contents CONTENTS_SOLID 
Candidate brush IDs: 


FindPortalSide: Couldn't find a good match for which brush to assign to a portal near (2048.0 3584.0 340.0)
Leaf 0 contents: 
Leaf 1 contents: CONTENTS_SOLID 
viscontents (node 0 contents ^ node 1 contents): CONTENTS_SOLID 
This means that none of the brushes in leaf 0 or 1 that touches the portal has CONTENTS_SOLID 
Check for a huge brush enclosing the coordinates above that has contents CONTENTS_SOLID 
Candidate brush IDs: 

*** Suppressing further FindPortalSide errors.... ***
Processing areas...done (0)
Building Faces...done (0)
Chop Details...done (0)
Find Visible Detail Sides...
Merged 134 detail faces...done (0)
Merging details...done (0)
FixTjuncs...
PruneNodes...
WriteBSP...
NODRAW on terrain surface!
done (0)
material "skybox/rt" not found.
Can't load skybox file skybox/ to build the default cubemap!
Can't load skybox file skybox/ to build the default cubemap!
Finding displacement neighbors...
Finding lightmap sample positions...
Displacement Alpha : 0...1...2...3...4...5...6...7...8...9...10
Building Physics collision data...
done (1) (473781 bytes)
Error loading studio model "./models/props_interiors/Lights_Florescent01a.mdl"!
Error loading studio model "./models/props_c17/utilitypole01b.mdl"!



materialPath: E:\steam\steamapps\common\Half-Life 2 Deathmatch\hl2mp\materials
ConVarRef mat_reduceparticles doesn't point to an existing ConVar
material "/zs_stormier_v1" not found.
Material not found!: /ZS_STORMIER_V1
Can't find surfaceprop sheetrock for material PLASTER/VERTIGO_DRYWALL_PATCHED, using default
Patching WVT material: maps/zs_stormier_v1/nature/blendgrassgravel003a_wvt_patch
Patching WVT material: maps/zs_stormier_v1/nature/blendgrassgravel001b_wvt_patch
fixing up env_cubemap materials on brush sides...
0...1...2...3...4...5...6...7...8...9...10**** leaked ****
Entity npc_maker (1290.00 -188.00 -32.00) leaked!

FindPortalSide: Couldn't find a good match for which brush to assign to a portal near (1536.0 5120.0 340.0)
Leaf 0 contents: 
Leaf 1 contents: CONTENTS_SOLID 
viscontents (node 0 contents ^ node 1 contents): CONTENTS_SOLID 
This means that none of the brushes in leaf 0 or 1 that touches the portal has CONTENTS_SOLID 
Check for a huge brush enclosing the coordinates above that has contents CONTENTS_SOLID 
Candidate brush IDs: 


FindPortalSide: Couldn't find a good match for which brush to assign to a portal near (2048.0 4608.0 340.0)
Leaf 0 contents: 
Leaf 1 contents: CONTENTS_SOLID 
viscontents (node 0 contents ^ node 1 contents): CONTENTS_SOLID 
This means that none of the brushes in leaf 0 or 1 that touches the portal has CONTENTS_SOLID 
Check for a huge brush enclosing the coordinates above that has contents CONTENTS_SOLID 
Candidate brush IDs: 


FindPortalSide: Couldn't find a good match for which brush to assign to a portal near (512.0 5120.0 340.0)
Leaf 0 contents: 
Leaf 1 contents: CONTENTS_SOLID 
viscontents (node 0 contents ^ node 1 contents): CONTENTS_SOLID 
This means that none of the brushes in leaf 0 or 1 that touches the portal has CONTENTS_SOLID 
Check for a huge brush enclosing the coordinates above that has contents CONTENTS_SOLID 
Candidate brush IDs: 


FindPortalSide: Couldn't find a good match for which brush to assign to a portal near (-512.0 5120.0 340.0)
Leaf 0 contents: 
Leaf 1 contents: CONTENTS_SOLID 
viscontents (node 0 contents ^ node 1 contents): CONTENTS_SOLID 
This means that none of the brushes in leaf 0 or 1 that touches the portal has CONTENTS_SOLID 
Check for a huge brush enclosing the coordinates above that has contents CONTENTS_SOLID 
Candidate brush IDs: 


FindPortalSide: Couldn't find a good match for which brush to assign to a portal near (1292.0 3072.0 340.0)
Leaf 0 contents: CONTENTS_SOLID 
Leaf 1 contents: 
viscontents (node 0 contents ^ node 1 contents): CONTENTS_SOLID 
This means that none of the brushes in leaf 0 or 1 that touches the portal has CONTENTS_SOLID 
Check for a huge brush enclosing the coordinates above that has contents CONTENTS_SOLID 
Candidate brush IDs: 


FindPortalSide: Couldn't find a good match for which brush to assign to a portal near (1576.0 3072.0 340.0)
Leaf 0 contents: CONTENTS_SOLID 
Leaf 1 contents: 
viscontents (node 0 contents ^ node 1 contents): CONTENTS_SOLID 
This means that none of the brushes in leaf 0 or 1 that touches the portal has CONTENTS_SOLID 
Check for a huge brush enclosing the coordinates above that has contents CONTENTS_SOLID 
Candidate brush IDs: 


FindPortalSide: Couldn't find a good match for which brush to assign to a portal near (1820.0 3072.0 340.0)
Leaf 0 contents: CONTENTS_SOLID 
Leaf 1 contents: 
viscontents (node 0 contents ^ node 1 contents): CONTENTS_SOLID 
This means that none of the brushes in leaf 0 or 1 that touches the portal has CONTENTS_SOLID 
Check for a huge brush enclosing the coordinates above that has contents CONTENTS_SOLID 
Candidate brush IDs: 


FindPortalSide: Couldn't find a good match for which brush to assign to a portal near (2048.0 3584.0 340.0)
Leaf 0 contents: 
Leaf 1 contents: CONTENTS_SOLID 
viscontents (node 0 contents ^ node 1 contents): CONTENTS_SOLID 
This means that none of the brushes in leaf 0 or 1 that touches the portal has CONTENTS_SOLID 
Check for a huge brush enclosing the coordinates above that has contents CONTENTS_SOLID 
Candidate brush IDs: 

*** Suppressing further FindPortalSide errors.... ***
Processing areas...done (0)
Building Faces...done (0)
Chop Details...done (0)
Find Visible Detail Sides...
Merged 134 detail faces...done (0)
Merging details...done (0)
FixTjuncs...
PruneNodes...
WriteBSP...
NODRAW on terrain surface!
done (0)
material "skybox/rt" not found.
Can't load skybox file skybox/ to build the default cubemap!
Can't load skybox file skybox/ to build the default cubemap!
Finding displacement neighbors...
Finding lightmap sample positions...
Displacement Alpha : 0...1...2...3...4...5...6...7...8...9...10
Building Physics collision data...



materialPath: E:\steam\steamapps\common\Half-Life 2 Deathmatch\hl2mp\materials
ConVarRef mat_reduceparticles doesn't point to an existing ConVar
material "/zs_stormier_v1" not found.
Material not found!: /ZS_STORMIER_V1
Can't find surfaceprop sheetrock for material PLASTER/VERTIGO_DRYWALL_PATCHED, using default
Patching WVT material: maps/zs_stormier_v1/nature/blendgrassgravel003a_wvt_patch
Patching WVT material: maps/zs_stormier_v1/nature/blendgrassgravel001b_wvt_patch
fixing up env_cubemap materials on brush sides...
0...1...2...3...4...5...6...7...8...9...10**** leaked ****
Entity infodecal (525.15 142.49 -88.00) leaked!

FindPortalSide: Couldn't find a good match for which brush to assign to a portal near (1536.0 5120.0 340.0)
Leaf 0 contents: 
Leaf 1 contents: CONTENTS_SOLID 
viscontents (node 0 contents ^ node 1 contents): CONTENTS_SOLID 
This means that none of the brushes in leaf 0 or 1 that touches the portal has CONTENTS_SOLID 
Check for a huge brush enclosing the coordinates above that has contents CONTENTS_SOLID 
Candidate brush IDs: 


FindPortalSide: Couldn't find a good match for which brush to assign to a portal near (2048.0 4608.0 340.0)
Leaf 0 contents: 
Leaf 1 contents: CONTENTS_SOLID 
viscontents (node 0 contents ^ node 1 contents): CONTENTS_SOLID 
This means that none of the brushes in leaf 0 or 1 that touches the portal has CONTENTS_SOLID 
Check for a huge brush enclosing the coordinates above that has contents CONTENTS_SOLID 
Candidate brush IDs: 


FindPortalSide: Couldn't find a good match for which brush to assign to a portal near (512.0 5120.0 340.0)
Leaf 0 contents: 
Leaf 1 contents: CONTENTS_SOLID 
viscontents (node 0 contents ^ node 1 contents): CONTENTS_SOLID 
This means that none of the brushes in leaf 0 or 1 that touches the portal has CONTENTS_SOLID 
Check for a huge brush enclosing the coordinates above that has contents CONTENTS_SOLID 
Candidate brush IDs: 


FindPortalSide: Couldn't find a good match for which brush to assign to a portal near (-512.0 5120.0 340.0)
Leaf 0 contents: 
Leaf 1 contents: CONTENTS_SOLID 
viscontents (node 0 contents ^ node 1 contents): CONTENTS_SOLID 
This means that none of the brushes in leaf 0 or 1 that touches the portal has CONTENTS_SOLID 
Check for a huge brush enclosing the coordinates above that has contents CONTENTS_SOLID 
Candidate brush IDs: 


FindPortalSide: Couldn't find a good match for which brush to assign to a portal near (1292.0 3072.0 340.0)
Leaf 0 contents: CONTENTS_SOLID 
Leaf 1 contents: 
viscontents (node 0 contents ^ node 1 contents): CONTENTS_SOLID 
This means that none of the brushes in leaf 0 or 1 that touches the portal has CONTENTS_SOLID 
Check for a huge brush enclosing the coordinates above that has contents CONTENTS_SOLID 
Candidate brush IDs: 


FindPortalSide: Couldn't find a good match for which brush to assign to a portal near (1576.0 3072.0 340.0)
Leaf 0 contents: CONTENTS_SOLID 
Leaf 1 contents: 
viscontents (node 0 contents ^ node 1 contents): CONTENTS_SOLID 
This means that none of the brushes in leaf 0 or 1 that touches the portal has CONTENTS_SOLID 
Check for a huge brush enclosing the coordinates above that has contents CONTENTS_SOLID 
Candidate brush IDs: 


FindPortalSide: Couldn't find a good match for which brush to assign to a portal near (1820.0 3072.0 340.0)
Leaf 0 contents: CONTENTS_SOLID 
Leaf 1 contents: 
viscontents (node 0 contents ^ node 1 contents): CONTENTS_SOLID 
This means that none of the brushes in leaf 0 or 1 that touches the portal has CONTENTS_SOLID 
Check for a huge brush enclosing the coordinates above that has contents CONTENTS_SOLID 
Candidate brush IDs: 


FindPortalSide: Couldn't find a good match for which brush to assign to a portal near (2048.0 3584.0 340.0)
Leaf 0 contents: 
Leaf 1 contents: CONTENTS_SOLID 
viscontents (node 0 contents ^ node 1 contents): CONTENTS_SOLID 
This means that none of the brushes in leaf 0 or 1 that touches the portal has CONTENTS_SOLID 
Check for a huge brush enclosing the coordinates above that has contents CONTENTS_SOLID 
Candidate brush IDs: 

*** Suppressing further FindPortalSide errors.... ***
Processing areas...done (0)
Building Faces...done (0)
Chop Details...done (0)
Find Visible Detail Sides...
Merged 134 detail faces...done (0)
Merging details...done (0)
FixTjuncs...
PruneNodes...
WriteBSP...
NODRAW on terrain surface!
done (0)
material "skybox/rt" not found.
Can't load skybox file skybox/ to build the default cubemap!
Can't load skybox file skybox/ to build the default cubemap!
Finding displacement neighbors...
Finding lightmap sample positions...
Displacement Alpha : 0...1...2...3...4...5...6...7...8...9...10
Building Physics collision data...
done (1) (474077 bytes)
Error loading studio model "./models/props_interiors/Lights_Florescent01a.mdl"!



materialPath: E:\steam\steamapps\common\Half-Life 2 Deathmatch\hl2mp\materials
ConVarRef mat_reduceparticles doesn't point to an existing ConVar
material "/zs_stormier_v1" not found.
Material not found!: /ZS_STORMIER_V1
Can't find surfaceprop sheetrock for material PLASTER/VERTIGO_DRYWALL_PATCHED, using default
Patching WVT material: maps/zs_stormier_v1/nature/blendgrassgravel003a_wvt_patch
Patching WVT material: maps/zs_stormier_v1/nature/blendgrassgravel001b_wvt_patch
fixing up env_cubemap materials on brush sides...
0...1...2...3...4...5...6...7...8...9...10**** leaked ****
Entity infodecal (525.15 142.49 -88.00) leaked!

FindPortalSide: Couldn't find a good match for which brush to assign to a portal near (1536.0 5120.0 340.0)
Leaf 0 contents: 
Leaf 1 contents: CONTENTS_SOLID 
viscontents (node 0 contents ^ node 1 contents): CONTENTS_SOLID 
This means that none of the brushes in leaf 0 or 1 that touches the portal has CONTENTS_SOLID 
Check for a huge brush enclosing the coordinates above that has contents CONTENTS_SOLID 
Candidate brush IDs: 


FindPortalSide: Couldn't find a good match for which brush to assign to a portal near (2048.0 4608.0 340.0)
Leaf 0 contents: 
Leaf 1 contents: CONTENTS_SOLID 
viscontents (node 0 contents ^ node 1 contents): CONTENTS_SOLID 
This means that none of the brushes in leaf 0 or 1 that touches the portal has CONTENTS_SOLID 
Check for a huge brush enclosing the coordinates above that has contents CONTENTS_SOLID 
Candidate brush IDs: 


FindPortalSide: Couldn't find a good match for which brush to assign to a portal near (512.0 5120.0 340.0)
Leaf 0 contents: 
Leaf 1 contents: CONTENTS_SOLID 
viscontents (node 0 contents ^ node 1 contents): CONTENTS_SOLID 
This means that none of the brushes in leaf 0 or 1 that touches the portal has CONTENTS_SOLID 
Check for a huge brush enclosing the coordinates above that has contents CONTENTS_SOLID 
Candidate brush IDs: 


FindPortalSide: Couldn't find a good match for which brush to assign to a portal near (-512.0 5120.0 340.0)
Leaf 0 contents: 
Leaf 1 contents: CONTENTS_SOLID 
viscontents (node 0 contents ^ node 1 contents): CONTENTS_SOLID 
This means that none of the brushes in leaf 0 or 1 that touches the portal has CONTENTS_SOLID 
Check for a huge brush enclosing the coordinates above that has contents CONTENTS_SOLID 
Candidate brush IDs: 


FindPortalSide: Couldn't find a good match for which brush to assign to a portal near (1292.0 3072.0 340.0)
Leaf 0 contents: CONTENTS_SOLID 
Leaf 1 contents: 
viscontents (node 0 contents ^ node 1 contents): CONTENTS_SOLID 
This means that none of the brushes in leaf 0 or 1 that touches the portal has CONTENTS_SOLID 
Check for a huge brush enclosing the coordinates above that has contents CONTENTS_SOLID 
Candidate brush IDs: 


FindPortalSide: Couldn't find a good match for which brush to assign to a portal near (1576.0 3072.0 340.0)
Leaf 0 contents: CONTENTS_SOLID 
Leaf 1 contents: 
viscontents (node 0 contents ^ node 1 contents): CONTENTS_SOLID 
This means that none of the brushes in leaf 0 or 1 that touches the portal has CONTENTS_SOLID 
Check for a huge brush enclosing the coordinates above that has contents CONTENTS_SOLID 
Candidate brush IDs: 


FindPortalSide: Couldn't find a good match for which brush to assign to a portal near (1820.0 3072.0 340.0)
Leaf 0 contents: CONTENTS_SOLID 
Leaf 1 contents: 
viscontents (node 0 contents ^ node 1 contents): CONTENTS_SOLID 
This means that none of the brushes in leaf 0 or 1 that touches the portal has CONTENTS_SOLID 
Check for a huge brush enclosing the coordinates above that has contents CONTENTS_SOLID 
Candidate brush IDs: 


FindPortalSide: Couldn't find a good match for which brush to assign to a portal near (2048.0 3584.0 340.0)
Leaf 0 contents: 
Leaf 1 contents: CONTENTS_SOLID 
viscontents (node 0 contents ^ node 1 contents): CONTENTS_SOLID 
This means that none of the brushes in leaf 0 or 1 that touches the portal has CONTENTS_SOLID 
Check for a huge brush enclosing the coordinates above that has contents CONTENTS_SOLID 
Candidate brush IDs: 

*** Suppressing further FindPortalSide errors.... ***
Processing areas...done (0)
Building Faces...done (0)
Chop Details...done (0)
Find Visible Detail Sides...
Merged 134 detail faces...done (0)
Merging details...done (0)
FixTjuncs...
PruneNodes...
WriteBSP...
NODRAW on terrain surface!
done (0)
material "skybox/rt" not found.
Can't load skybox file skybox/ to build the default cubemap!
Can't load skybox file skybox/ to build the default cubemap!
Finding displacement neighbors...
Finding lightmap sample positions...
Displacement Alpha : 0...1...2...3...4...5...6...7...8...9...10
Building Physics collision data...



materialPath: E:\steam\steamapps\common\Half-Life 2 Deathmatch\hl2mp\materials
ConVarRef mat_reduceparticles doesn't point to an existing ConVar
material "/zs_stormier_v1" not found.
Material not found!: /ZS_STORMIER_V1
Can't find surfaceprop sheetrock for material PLASTER/VERTIGO_DRYWALL_PATCHED, using default
Patching WVT material: maps/zs_stormier_v1/nature/blendgrassgravel003a_wvt_patch
Patching WVT material: maps/zs_stormier_v1/nature/blendgrassgravel001b_wvt_patch
fixing up env_cubemap materials on brush sides...
0...1...2...3...4...5...6...7...8...9...10**** leaked ****
Entity info_player_zombie (793.52 920.86 -83.34) leaked!

FindPortalSide: Couldn't find a good match for which brush to assign to a portal near (1536.0 5120.0 340.0)
Leaf 0 contents: 
Leaf 1 contents: CONTENTS_SOLID 
viscontents (node 0 contents ^ node 1 contents): CONTENTS_SOLID 
This means that none of the brushes in leaf 0 or 1 that touches the portal has CONTENTS_SOLID 
Check for a huge brush enclosing the coordinates above that has contents CONTENTS_SOLID 
Candidate brush IDs: 


FindPortalSide: Couldn't find a good match for which brush to assign to a portal near (2048.0 4608.0 340.0)
Leaf 0 contents: 
Leaf 1 contents: CONTENTS_SOLID 
viscontents (node 0 contents ^ node 1 contents): CONTENTS_SOLID 
This means that none of the brushes in leaf 0 or 1 that touches the portal has CONTENTS_SOLID 
Check for a huge brush enclosing the coordinates above that has contents CONTENTS_SOLID 
Candidate brush IDs: 


FindPortalSide: Couldn't find a good match for which brush to assign to a portal near (512.0 5120.0 340.0)
Leaf 0 contents: 
Leaf 1 contents: CONTENTS_SOLID 
viscontents (node 0 contents ^ node 1 contents): CONTENTS_SOLID 
This means that none of the brushes in leaf 0 or 1 that touches the portal has CONTENTS_SOLID 
Check for a huge brush enclosing the coordinates above that has contents CONTENTS_SOLID 
Candidate brush IDs: 


FindPortalSide: Couldn't find a good match for which brush to assign to a portal near (-512.0 5120.0 340.0)
Leaf 0 contents: 
Leaf 1 contents: CONTENTS_SOLID 
viscontents (node 0 contents ^ node 1 contents): CONTENTS_SOLID 
This means that none of the brushes in leaf 0 or 1 that touches the portal has CONTENTS_SOLID 
Check for a huge brush enclosing the coordinates above that has contents CONTENTS_SOLID 
Candidate brush IDs: 


FindPortalSide: Couldn't find a good match for which brush to assign to a portal near (1292.0 3072.0 340.0)
Leaf 0 contents: CONTENTS_SOLID 
Leaf 1 contents: 
viscontents (node 0 contents ^ node 1 contents): CONTENTS_SOLID 
This means that none of the brushes in leaf 0 or 1 that touches the portal has CONTENTS_SOLID 
Check for a huge brush enclosing the coordinates above that has contents CONTENTS_SOLID 
Candidate brush IDs: 


FindPortalSide: Couldn't find a good match for which brush to assign to a portal near (1576.0 3072.0 340.0)
Leaf 0 contents: CONTENTS_SOLID 
Leaf 1 contents: 
viscontents (node 0 contents ^ node 1 contents): CONTENTS_SOLID 
This means that none of the brushes in leaf 0 or 1 that touches the portal has CONTENTS_SOLID 
Check for a huge brush enclosing the coordinates above that has contents CONTENTS_SOLID 
Candidate brush IDs: 


FindPortalSide: Couldn't find a good match for which brush to assign to a portal near (1820.0 3072.0 340.0)
Leaf 0 contents: CONTENTS_SOLID 
Leaf 1 contents: 
viscontents (node 0 contents ^ node 1 contents): CONTENTS_SOLID 
This means that none of the brushes in leaf 0 or 1 that touches the portal has CONTENTS_SOLID 
Check for a huge brush enclosing the coordinates above that has contents CONTENTS_SOLID 
Candidate brush IDs: 


FindPortalSide: Couldn't find a good match for which brush to assign to a portal near (2048.0 3584.0 340.0)
Leaf 0 contents: 
Leaf 1 contents: CONTENTS_SOLID 
viscontents (node 0 contents ^ node 1 contents): CONTENTS_SOLID 
This means that none of the brushes in leaf 0 or 1 that touches the portal has CONTENTS_SOLID 
Check for a huge brush enclosing the coordinates above that has contents CONTENTS_SOLID 
Candidate brush IDs: 

*** Suppressing further FindPortalSide errors.... ***
Processing areas...done (0)
Building Faces...done (0)
Chop Details...done (0)
Find Visible Detail Sides...
Merged 134 detail faces...done (0)
Merging details...done (0)
FixTjuncs...
PruneNodes...
WriteBSP...
NODRAW on terrain surface!
done (0)
material "skybox/rt" not found.
Can't load skybox file skybox/ to build the default cubemap!
Can't load skybox file skybox/ to build the default cubemap!
Finding displacement neighbors...
Finding lightmap sample positions...
Displacement Alpha : 0...1...2...3...4...5...6...7...8...9...10
Building Physics collision data...



materialPath: E:\steam\steamapps\common\Half-Life 2 Deathmatch\hl2mp\materials
ConVarRef mat_reduceparticles doesn't point to an existing ConVar
material "/zs_stormier_v1" not found.
Material not found!: /ZS_STORMIER_V1
Can't find surfaceprop sheetrock for material PLASTER/VERTIGO_DRYWALL_PATCHED, using default
Patching WVT material: maps/zs_stormier_v1/nature/blendgrassgravel003a_wvt_patch
Patching WVT material: maps/zs_stormier_v1/nature/blendgrassgravel001b_wvt_patch
fixing up env_cubemap materials on brush sides...
0...1...2...3...4...5...6...7...8...9...10**** leaked ****
Entity prop_static (359.27 -687.59 -201.53) leaked!

FindPortalSide: Couldn't find a good match for which brush to assign to a portal near (1536.0 5120.0 340.0)
Leaf 0 contents: 
Leaf 1 contents: CONTENTS_SOLID 
viscontents (node 0 contents ^ node 1 contents): CONTENTS_SOLID 
This means that none of the brushes in leaf 0 or 1 that touches the portal has CONTENTS_SOLID 
Check for a huge brush enclosing the coordinates above that has contents CONTENTS_SOLID 
Candidate brush IDs: 


FindPortalSide: Couldn't find a good match for which brush to assign to a portal near (2048.0 4608.0 340.0)
Leaf 0 contents: 
Leaf 1 contents: CONTENTS_SOLID 
viscontents (node 0 contents ^ node 1 contents): CONTENTS_SOLID 
This means that none of the brushes in leaf 0 or 1 that touches the portal has CONTENTS_SOLID 
Check for a huge brush enclosing the coordinates above that has contents CONTENTS_SOLID 
Candidate brush IDs: 


FindPortalSide: Couldn't find a good match for which brush to assign to a portal near (512.0 5120.0 340.0)
Leaf 0 contents: 
Leaf 1 contents: CONTENTS_SOLID 
viscontents (node 0 contents ^ node 1 contents): CONTENTS_SOLID 
This means that none of the brushes in leaf 0 or 1 that touches the portal has CONTENTS_SOLID 
Check for a huge brush enclosing the coordinates above that has contents CONTENTS_SOLID 
Candidate brush IDs: 


FindPortalSide: Couldn't find a good match for which brush to assign to a portal near (-512.0 5120.0 340.0)
Leaf 0 contents: 
Leaf 1 contents: CONTENTS_SOLID 
viscontents (node 0 contents ^ node 1 contents): CONTENTS_SOLID 
This means that none of the brushes in leaf 0 or 1 that touches the portal has CONTENTS_SOLID 
Check for a huge brush enclosing the coordinates above that has contents CONTENTS_SOLID 
Candidate brush IDs: 


FindPortalSide: Couldn't find a good match for which brush to assign to a portal near (1292.0 3072.0 340.0)
Leaf 0 contents: CONTENTS_SOLID 
Leaf 1 contents: 
viscontents (node 0 contents ^ node 1 contents): CONTENTS_SOLID 
This means that none of the brushes in leaf 0 or 1 that touches the portal has CONTENTS_SOLID 
Check for a huge brush enclosing the coordinates above that has contents CONTENTS_SOLID 
Candidate brush IDs: 


FindPortalSide: Couldn't find a good match for which brush to assign to a portal near (1576.0 3072.0 340.0)
Leaf 0 contents: CONTENTS_SOLID 
Leaf 1 contents: 
viscontents (node 0 contents ^ node 1 contents): CONTENTS_SOLID 
This means that none of the brushes in leaf 0 or 1 that touches the portal has CONTENTS_SOLID 
Check for a huge brush enclosing the coordinates above that has contents CONTENTS_SOLID 
Candidate brush IDs: 


FindPortalSide: Couldn't find a good match for which brush to assign to a portal near (1820.0 3072.0 340.0)
Leaf 0 contents: CONTENTS_SOLID 
Leaf 1 contents: 
viscontents (node 0 contents ^ node 1 contents): CONTENTS_SOLID 
This means that none of the brushes in leaf 0 or 1 that touches the portal has CONTENTS_SOLID 
Check for a huge brush enclosing the coordinates above that has contents CONTENTS_SOLID 
Candidate brush IDs: 


FindPortalSide: Couldn't find a good match for which brush to assign to a portal near (2048.0 3584.0 340.0)
Leaf 0 contents: 
Leaf 1 contents: CONTENTS_SOLID 
viscontents (node 0 contents ^ node 1 contents): CONTENTS_SOLID 
This means that none of the brushes in leaf 0 or 1 that touches the portal has CONTENTS_SOLID 
Check for a huge brush enclosing the coordinates above that has contents CONTENTS_SOLID 
Candidate brush IDs: 

*** Suppressing further FindPortalSide errors.... ***
Processing areas...done (0)
Building Faces...done (0)
Chop Details...done (0)
Find Visible Detail Sides...
Merged 134 detail faces...done (0)
Merging details...done (0)
FixTjuncs...
PruneNodes...
WriteBSP...
NODRAW on terrain surface!
done (0)
material "skybox/rt" not found.
Can't load skybox file skybox/ to build the default cubemap!
Can't load skybox file skybox/ to build the default cubemap!
Finding displacement neighbors...
Finding lightmap sample positions...
Displacement Alpha : 0...1...2...3...4...5...6...7...8...9...10
Building Physics collision data...
done (1) (473029 bytes)
Error loading studio model "./models/props_interiors/Lights_Florescent01a.mdl"!
Error loading studio model "./models/props_c17/utilitypole01b.mdl"!



materialPath: E:\steam\steamapps\common\Half-Life 2 Deathmatch\hl2mp\materials
ConVarRef mat_reduceparticles doesn't point to an existing ConVar
material "/zs_stormier_v1" not found.
Material not found!: /ZS_STORMIER_V1
Can't find surfaceprop sheetrock for material PLASTER/VERTIGO_DRYWALL_PATCHED, using default
Patching WVT material: maps/zs_stormier_v1/nature/blendgrassgravel003a_wvt_patch
Patching WVT material: maps/zs_stormier_v1/nature/blendgrassgravel001b_wvt_patch
fixing up env_cubemap materials on brush sides...
0...1...2...3...4...5...6...7...8...9...100...1...2...3...4...5...6...7...8...9...10Processing areas...done (0)
Building Faces...done (0)
Chop Details...done (0)
Find Visible Detail Sides...
Merged 134 detail faces...done (0)
Merging details...done (0)
FixTjuncs...
PruneNodes...
WriteBSP...
NODRAW on terrain surface!
done (0)
writing F:\Github\SourceEngineContent\Maps\stormierRefromed\zs_stormier_v1.prt...Building visibility clusters...
done (0)
material "skybox/rt" not found.
Can't load skybox file skybox/ to build the default cubemap!
Can't load skybox file skybox/ to build the default cubemap!
Finding displacement neighbors...
Finding lightmap sample positions...
Displacement Alpha : 0...1...2...3...4...5...6...7...8...9...10
Building Physics collision data...
done (1) (473029 bytes)
Error loading studio model "./models/props_interiors/Lights_Florescent01a.mdl"!
Error loading studio model "./models/props_c17/utilitypole01b.mdl"!
Placing detail props : 0...1...2...3...4...5...6.Material NATURE/BLENDGRASSGRAVEL003A uses unknown detail object type compound_gravelgrass!
Material NATURE/BLENDGRASSGRAVEL003A uses unknown detail object type compound_gravelgrass!
Material NATURE/BLENDGRASSGRAVEL003A uses unknown detail object type compound_gravelgrass!
Material NATURE/BLENDGRASSGRAVEL003A uses unknown detail object type compound_gravelgrass!
Material NATURE/BLENDGRASSGRAVEL003A uses unknown detail object type compound_gravelgrass!
Material NATURE/BLENDGRASSGRAVEL003A uses unknown detail object type compound_gravelgrass!
Material NATURE/BLENDGRASSGRAVEL003A uses unknown detail object type compound_gravelgrass!
Material NATURE/BLENDGRASSGRAVEL003A uses unknown detail object type compound_gravelgrass!
Material NATURE/BLENDGRASSGRAVEL003A uses unknown detail object type compound_gravelgrass!
.Material NATURE/BLENDGRASSGRAVEL003A uses unknown detail object type compound_gravelgrass!
Material NATURE/BLENDGRASSGRAVEL003A uses unknown detail object type compound_gravelgrass!
Material NATURE/BLENDGRASSGRAVEL003A uses unknown detail object type compound_gravelgrass!
.7...8...9...10
Water found with no water_lod_control entity, creating a default one.
Compacting texture/material tables...
Reduced 2845 texinfos to 1705
Reduced 78 texdatas to 74 (1741 bytes to 1547)
Writing F:\Github\SourceEngineContent\Maps\stormierRefromed\zs_stormier_v1.bsp
2 seconds elapsed
CMaterialDict::Shutdown m_MissingList count: 2



8 threads
reading f:\github\sourceenginecontent\maps\stormierrefromed\zs_stormier_v1.bsp
reading f:\github\sourceenginecontent\maps\stormierrefromed\zs_stormier_v1.prt
 564 portalclusters
1515 numportals
0...1...2...3...4...5...6...7...8...9...10Optimized: 16885 visible clusters (9.59%)
Total clusters visible: 176143
Average clusters visible: 312
Building PAS...
Average clusters audible: 526
visdatasize:81575  compressed from 81216
writing f:\github\sourceenginecontent\maps\stormierrefromed\zs_stormier_v1.bsp
0 seconds elapsed



[Reading texlights from 'lights.rad']
ERROR: Duplication of 'lights/fluorescentcool001a' in file 'lights.rad'!
ERROR: Duplication of 'lights/fluorescentcool001b' in file 'lights.rad'!
ERROR: Duplication of 'lights/fluorescentcool002a' in file 'lights.rad'!
ERROR: Duplication of 'lights/fluorescentcool002b' in file 'lights.rad'!
ERROR: Duplication of 'lights/fluorescentcool003a' in file 'lights.rad'!
ERROR: Duplication of 'lights/fluorescentwarm001a' in file 'lights.rad'!
ERROR: Duplication of 'lights/fluorescentwarm002a' in file 'lights.rad'!
ERROR: Duplication of 'lights/fluorescentwhite001a' in file 'lights.rad'!
ERROR: Duplication of 'lights/fluorescentwhite002a' in file 'lights.rad'!
ERROR: Duplication of 'lights/hazzardred001a' in file 'lights.rad'!
ERROR: Duplication of 'lights/hazzardyellow001a' in file 'lights.rad'!
ERROR: Duplication of 'lights/HIDcool001a' in file 'lights.rad'!
ERROR: Duplication of 'lights/HIDcool001b' in file 'lights.rad'!
ERROR: Duplication of 'lights/HIDwarm001a' in file 'lights.rad'!
ERROR: Duplication of 'lights/white001' in file 'lights.rad'!
ERROR: Duplication of 'lights/white002' in file 'lights.rad'!
ERROR: Duplication of 'lights/white003' in file 'lights.rad'!
ERROR: Duplication of 'lights/white004' in file 'lights.rad'!
ERROR: Duplication of 'lights/white005' in file 'lights.rad'!
ERROR: Duplication of 'lights/white006' in file 'lights.rad'!
ERROR: Duplication of 'lights/white001_nochop' in file 'lights.rad'!
ERROR: Duplication of 'lights/white002_nochop' in file 'lights.rad'!
ERROR: Duplication of 'lights/white003_nochop' in file 'lights.rad'!
ERROR: Duplication of 'lights/white004_nochop' in file 'lights.rad'!
ERROR: Duplication of 'lights/white005_nochop' in file 'lights.rad'!
ERROR: Duplication of 'lights/white006_nochop' in file 'lights.rad'!
ERROR: Duplication of 'lights/incandescentcool001a' in file 'lights.rad'!
ERROR: Duplication of 'lights/incandescentwarm001a' in file 'lights.rad'!
ERROR: Duplication of 'glass/glassscreen001a' in file 'lights.rad'!
ERROR: Duplication of 'glass/glasspipe001f' in file 'lights.rad'!
ERROR: Duplication of 'glass/glassscreen001c' in file 'lights.rad'!
ERROR: Duplication of 'glass/glassscreen001d' in file 'lights.rad'!
ERROR: Duplication of 'glass/glassblock001a' in file 'lights.rad'!
ERROR: Duplication of 'composite/citadelfloor001a' in file 'lights.rad'!
ERROR: Duplication of 'props/tvscreen006a' in file 'lights.rad'!
ERROR: Duplication of 'shadertest/gooinglass' in file 'lights.rad'!
ERROR: Duplication of 'glass/glasswindow002e' in file 'lights.rad'!
ERROR: Duplication of 'glass/glasswindow035a' in file 'lights.rad'!
ERROR: Duplication of 'dev/DEV_INTERIORLIGHT02B' in file 'lights.rad'!
ERROR: Duplication of 'plaster/plasterwall029h' in file 'lights.rad'!
ERROR: Duplication of 'building_template/Building_Trainstation_Template001d' in file 'lights.rad'!
ERROR: Duplication of 'building_template/Building_Trainstation_Template001e' in file 'lights.rad'!
ERROR: Duplication of 'building_template/Building_Trainstation_window002d' in file 'lights.rad'!
ERROR: Duplication of 'building_template/Building_Trainstation_window002e' in file 'lights.rad'!
ERROR: Duplication of 'lights/physgunlight' in file 'lights.rad'!
ERROR: Duplication of '#' in file 'lights.rad'!
ERROR: Duplication of 'lights/fluorescentcool001a' in file 'lights.rad'!
ERROR: Duplication of 'lights/fluorescentcool001b' in file 'lights.rad'!
ERROR: Duplication of 'lights/fluorescentcool002a' in file 'lights.rad'!
ERROR: Duplication of 'lights/fluorescentcool002b' in file 'lights.rad'!
ERROR: Duplication of 'lights/fluorescentcool003a' in file 'lights.rad'!
ERROR: Duplication of 'lights/fluorescentwarm001a' in file 'lights.rad'!
ERROR: Duplication of 'lights/fluorescentwarm002a' in file 'lights.rad'!
ERROR: Duplication of 'lights/fluorescentwhite001a' in file 'lights.rad'!
ERROR: Duplication of 'lights/fluorescentwhite002a' in file 'lights.rad'!
ERROR: Duplication of 'lights/hazzardred001a' in file 'lights.rad'!
ERROR: Duplication of 'lights/hazzardyellow001a' in file 'lights.rad'!
ERROR: Duplication of 'lights/HIDcool001a' in file 'lights.rad'!
ERROR: Duplication of 'lights/HIDcool001b' in file 'lights.rad'!
ERROR: Duplication of 'lights/HIDwarm001a' in file 'lights.rad'!
ERROR: Duplication of 'lights/white001' in file 'lights.rad'!
ERROR: Duplication of 'lights/white002' in file 'lights.rad'!
ERROR: Duplication of 'lights/white003' in file 'lights.rad'!
ERROR: Duplication of 'lights/white004' in file 'lights.rad'!
ERROR: Duplication of 'lights/white005' in file 'lights.rad'!
ERROR: Duplication of 'lights/white006' in file 'lights.rad'!
ERROR: Duplication of 'lights/white001_nochop' in file 'lights.rad'!
ERROR: Duplication of 'lights/white002_nochop' in file 'lights.rad'!
ERROR: Duplication of 'lights/white003_nochop' in file 'lights.rad'!
ERROR: Duplication of 'lights/white004_nochop' in file 'lights.rad'!
ERROR: Duplication of 'lights/white005_nochop' in file 'lights.rad'!
ERROR: Duplication of 'lights/white006_nochop' in file 'lights.rad'!
ERROR: Duplication of 'lights/incandescentcool001a' in file 'lights.rad'!
ERROR: Duplication of 'lights/incandescentwarm001a' in file 'lights.rad'!
ERROR: Duplication of 'glass/glassscreen001a' in file 'lights.rad'!
ERROR: Duplication of 'glass/glasspipe001f' in file 'lights.rad'!
ERROR: Duplication of 'glass/glassscreen001c' in file 'lights.rad'!
ERROR: Duplication of 'glass/glassscreen001d' in file 'lights.rad'!
ERROR: Duplication of 'glass/glassblock001a' in file 'lights.rad'!
ERROR: Duplication of 'composite/citadelfloor001a' in file 'lights.rad'!
ERROR: Duplication of 'props/tvscreen006a' in file 'lights.rad'!
ERROR: Duplication of 'shadertest/gooinglass' in file 'lights.rad'!
ERROR: Duplication of 'glass/glasswindow002e' in file 'lights.rad'!
ERROR: Duplication of 'glass/glasswindow035a' in file 'lights.rad'!
ERROR: Duplication of 'dev/DEV_INTERIORLIGHT02B' in file 'lights.rad'!
ERROR: Duplication of 'plaster/plasterwall029h' in file 'lights.rad'!
ERROR: Duplication of 'building_template/Building_Trainstation_Template001d' in file 'lights.rad'!
ERROR: Duplication of 'building_template/Building_Trainstation_Template001e' in file 'lights.rad'!
ERROR: Duplication of 'building_template/Building_Trainstation_window002d' in file 'lights.rad'!
ERROR: Duplication of 'building_template/Building_Trainstation_window002e' in file 'lights.rad'!
ERROR: Duplication of 'lights/physgunlight' in file 'lights.rad'!
ERROR: Duplication of 'lights/white001' in file 'lights.rad'!
ERROR: Duplication of 'lights/fluorescentcool001a' in file 'lights.rad'!
ERROR: Duplication of 'lights/fluorescentcool001b' in file 'lights.rad'!
ERROR: Duplication of 'lights/fluorescentcool002a' in file 'lights.rad'!
ERROR: Duplication of 'lights/fluorescentcool002b' in file 'lights.rad'!
ERROR: Duplication of 'lights/fluorescentcool003a' in file 'lights.rad'!
ERROR: Duplication of 'lights/fluorescentwarm001a' in file 'lights.rad'!
ERROR: Duplication of 'lights/fluorescentwarm002a' in file 'lights.rad'!
ERROR: Duplication of 'lights/fluorescentwhite001a' in file 'lights.rad'!
ERROR: Duplication of 'lights/fluorescentwhite002a' in file 'lights.rad'!
ERROR: Duplication of 'lights/hazzardred001a' in file 'lights.rad'!
ERROR: Duplication of 'lights/hazzardyellow001a' in file 'lights.rad'!
ERROR: Duplication of 'lights/HIDcool001a' in file 'lights.rad'!
ERROR: Duplication of 'lights/HIDcool001b' in file 'lights.rad'!
ERROR: Duplication of 'lights/HIDwarm001a' in file 'lights.rad'!
ERROR: Duplication of 'lights/white001' in file 'lights.rad'!
ERROR: Duplication of 'lights/white002' in file 'lights.rad'!
ERROR: Duplication of 'lights/white003' in file 'lights.rad'!
ERROR: Duplication of 'lights/white004' in file 'lights.rad'!
ERROR: Duplication of 'lights/white005' in file 'lights.rad'!
ERROR: Duplication of 'lights/white006' in file 'lights.rad'!
ERROR: Duplication of 'lights/white001_nochop' in file 'lights.rad'!
ERROR: Duplication of 'lights/white002_nochop' in file 'lights.rad'!
ERROR: Duplication of 'lights/white003_nochop' in file 'lights.rad'!
ERROR: Duplication of 'lights/white004_nochop' in file 'lights.rad'!
ERROR: Duplication of 'lights/white005_nochop' in file 'lights.rad'!
ERROR: Duplication of 'lights/white006_nochop' in file 'lights.rad'!
ERROR: Duplication of 'lights/incandescentcool001a' in file 'lights.rad'!
ERROR: Duplication of 'lights/incandescentwarm001a' in file 'lights.rad'!
ERROR: Duplication of 'glass/glassscreen001a' in file 'lights.rad'!
ERROR: Duplication of 'glass/glasspipe001f' in file 'lights.rad'!
ERROR: Duplication of 'glass/glassscreen001c' in file 'lights.rad'!
ERROR: Duplication of 'glass/glassscreen001d' in file 'lights.rad'!
ERROR: Duplication of 'glass/glassblock001a' in file 'lights.rad'!
ERROR: Duplication of 'composite/citadelfloor001a' in file 'lights.rad'!
ERROR: Duplication of 'props/tvscreen006a' in file 'lights.rad'!
ERROR: Duplication of 'shadertest/gooinglass' in file 'lights.rad'!
ERROR: Duplication of 'glass/glasswindow002e' in file 'lights.rad'!
ERROR: Duplication of 'glass/glasswindow035a' in file 'lights.rad'!
ERROR: Duplication of 'dev/DEV_INTERIORLIGHT02B' in file 'lights.rad'!
ERROR: Duplication of 'plaster/plasterwall029h' in file 'lights.rad'!
ERROR: Duplication of 'building_template/Building_Trainstation_Template001d' in file 'lights.rad'!
ERROR: Duplication of 'building_template/Building_Trainstation_Template001e' in file 'lights.rad'!
ERROR: Duplication of 'building_template/Building_Trainstation_window002d' in file 'lights.rad'!
ERROR: Duplication of 'building_template/Building_Trainstation_window002e' in file 'lights.rad'!
ERROR: Duplication of 'lights/physgunlight' in file 'lights.rad'!
[206 texlights parsed from 'lights.rad']

Loading f:\github\sourceenginecontent\maps\stormierrefromed\zs_stormier_v1.bsp
4724 faces
10 degenerate faces
361763 square feet [52093972.00 square inches]
90 Displacements
90833 Square Feet [13080054.00 Square Inches]
4714 patches before subdivision
4714 patches after subdivision
49 direct lights
0...1...2...3...4...5...6...7...8...9...100...1...2...3...4...5...6...7...8...9...10transfers 295849, max 410
transfer lists:   2.3 megs
0...1...2...3...4...5...6...7...8...9...10	Bounce #1 added RGB(89974, 21236, 7406)
0...1...2...3...4...5...6...7...8...9...10	Bounce #2 added RGB(10765, 3047, 1462)
0...1...2...3...4...5...6...7...8...9...10	Bounce #3 added RGB(1676, 598, 281)
0...1...2...3...4...5...6...7...8...9...10	Bounce #4 added RGB(318, 137, 56)
0...1...2...3...4...5...6...7...8...9...10	Bounce #5 added RGB(73, 33, 11)
0...1...2...3...4...5...6...7...8...9...10	Bounce #6 added RGB(19, 8, 2)
0...1...2...3...4...5...6...7...8...9...10	Bounce #7 added RGB(5, 2, 0)
0...1...2...3...4...5...6...7...8...9...10	Bounce #8 added RGB(1, 1, 0)
0...1...2...3...4...5...6...7...8...9...10	Bounce #9 added RGB(0, 0, 0)
Build Patch/Sample Hash Table(s).....Done<0.0057 sec>
0...1...2...3...4...5...6...7...8...9...10FinalLightFace Done
Computing detail prop lighting : 0...1...2...3...4...5...6...7...8...9...10
0 of 0 (0% of) surface lights went in leaf ambient cubes.
0...1...2...3...4...5...6...7...8...9...10Writing leaf ambient...done
Ready to Finish

Object names       Objects/Maxobjs  Memory / Maxmem  Fullness 
------------       ---------------  ---------------  -------- 
models                 101/2048         4848/98304    ( 4.9%) 
brushes               1237/16384       14844/196608   ( 7.6%) 
brushsides            9946/65536       79568/524288   (15.2%) 
planes                9666/65536      193320/1310720  (14.7%) 
vertexes              8662/65536      103944/786432   (13.2%) 
nodes                 3167/65536      101344/2097152  ( 4.8%) 
texinfos              1705/12288      122760/884736   (13.9%) 
texdata                 74/2048         2368/65536    ( 3.6%) 
dispinfos               90/0           15840/0        ( 0.0%) 
disp_verts            7290/0          145800/0        ( 0.0%) 
disp_tris            11520/0           23040/0        ( 0.0%) 
disp_lmsamples      236376/0          236376/0        ( 0.0%) 
faces                 4724/65536      264544/3670016  ( 7.2%) 
hdr faces                0/65536           0/3670016  ( 0.0%) 
origfaces             3321/65536      185976/3670016  ( 5.1%) 
leaves                3269/65536      104608/2097152  ( 5.0%) 
leaffaces             5303/65536       10606/131072   ( 8.1%) 
leafbrushes           2687/65536        5374/131072   ( 4.1%) 
areas                    5/256            40/2048     ( 2.0%) 
surfedges            36705/512000     146820/2048000  ( 7.2%) 
edges                23019/256000      92076/1024000  ( 9.0%) 
LDR worldlights         49/8192         4312/720896   ( 0.6%) 
HDR worldlights          0/8192            0/720896   ( 0.0%) 
leafwaterdata            1/32768          12/393216   ( 0.0%) 
waterstrips            478/32768        4780/327680   ( 1.5%) 
waterverts               0/65536           0/786432   ( 0.0%) 
waterindices         10032/65536       20064/131072   (15.3%) 
cubemapsamples           0/1024            0/16384    ( 0.0%) 
overlays                 7/1024         2464/360448   ( 0.7%) 
LDR lightdata         [variable]     1065556/0        ( 0.0%) 
HDR lightdata         [variable]           0/0        ( 0.0%) 
visdata               [variable]       81575/16777216 ( 0.5%) 
entdata               [variable]      198705/393216   (50.5%) 
LDR ambient table     3269/65536       13076/262144   ( 5.0%) 
HDR ambient table     3269/65536       13076/262144   ( 5.0%) 
LDR leaf ambient      4881/65536      136668/1835008  ( 7.4%) 
HDR leaf ambient      3269/65536       91532/1835008  ( 5.0%) 
occluders                0/0               0/0        ( 0.0%) 
occluder polygons        0/0               0/0        ( 0.0%) 
occluder vert ind        0/0               0/0        ( 0.0%) 
detail props          [variable]           1/186864   ( 0.0%) 
dtl prp lght          [variable]           1/154      ( 0.6%) 
HDR dtl prp lght      [variable]           1/4        (25.0%) 
static props          [variable]           1/18238    ( 0.0%) 
pakfile               [variable]        1333/0        ( 0.0%) 
physics               [variable]      473029/4194304  (11.3%) 
physics terrain       [variable]       28166/1048576  ( 2.7%) 

Level flags = 0

Total triangle count: 14048
Writing f:\github\sourceenginecontent\maps\stormierrefromed\zs_stormier_v1.bsp
8 seconds elapsed
