


materialPath: S:\SteamLibrary\SteamApps\common\GarrysMod\garrysmod\materials
Loading m:\source-mapping\vmf\zs_liquidity\zs_liquidity-compile.vmf
Could not locate 'GameData' key in s:\steamlibrary\steamapps\common\garrysmod\garrysmod\gameinfo.txt
fixing up env_cubemap materials on brush sides...
Creating default LDR cubemaps for env_cubemap using skybox materials:
   skybox/sky_day01_01*.vmt
 ! Run buildcubemaps in the engine to get the correct cube maps.
Creating default HDR cubemaps for env_cubemap using skybox materials:
   skybox/sky_day01_01*.vmt
 ! Run buildcubemaps in the engine to get the correct cube maps.
Finding displacement neighbors...
Finding lightmap sample positions...
Displacement Alpha : 0...1...2...3...4...5...6...7...8...9...10
Building Physics collision data...
done (0) (16 bytes)
Placing detail props : 0...1...2...3...4...5...6...7...8...9...10



materialPath: S:\SteamLibrary\SteamApps\common\GarrysMod\garrysmod\materials
Loading m:\source-mapping\vmf\zs_liquidity\zs_liquidity-compile.vmf
Could not locate 'GameData' key in s:\steamlibrary\steamapps\common\garrysmod\garrysmod\gameinfo.txt
fixing up env_cubemap materials on brush sides...
Creating default LDR cubemaps for env_cubemap using skybox materials:
   skybox/sky_day01_01*.vmt
 ! Run buildcubemaps in the engine to get the correct cube maps.
Creating default HDR cubemaps for env_cubemap using skybox materials:
   skybox/sky_day01_01*.vmt
 ! Run buildcubemaps in the engine to get the correct cube maps.
Finding displacement neighbors...
Finding lightmap sample positions...
Displacement Alpha : 0...1...2...3...4...5...6...7...8...9...10
Building Physics collision data...
done (0) (16 bytes)
Placing detail props : 0...1...2...3...4...5...6...7...8...9...10



materialPath: S:\SteamLibrary\SteamApps\common\GarrysMod\garrysmod\materials
Loading m:\source-mapping\vmf\zs_liquidity\zs_liquidity-compile.vmf
Could not locate 'GameData' key in s:\steamlibrary\steamapps\common\garrysmod\garrysmod\gameinfo.txt
fixing up env_cubemap materials on brush sides...
Finding displacement neighbors...
Finding lightmap sample positions...
Displacement Alpha : 0...1...2...3...4...5...6...7...8...9...10
Building Physics collision data...
done (0) (16 bytes)
Placing detail props : 0...1...2...3...4...5...6...7...8...9...10



4 threads
reading m:\source-mapping\vmf\zs_liquidity\zs_liquidity-compile.bsp
Error opening m:\source-mapping\vmf\zs_liquidity\zs_liquidity-compile.bsp


materialPath: S:\SteamLibrary\SteamApps\common\GarrysMod\garrysmod\materials
Loading m:\source-mapping\vmf\zs_liquidity\zs_liquidity-compile.vmf
Could not locate 'GameData' key in s:\steamlibrary\steamapps\common\garrysmod\garrysmod\gameinfo.txt
fixing up env_cubemap materials on brush sides...
Finding displacement neighbors...
Finding lightmap sample positions...
Displacement Alpha : 0...1...2...3...4...5...6...7...8...9...10
Building Physics collision data...
done (0) (16 bytes)
Placing detail props : 0...1...2...3...4...5...6...7...8...9...10



4 threads
reading m:\source-mapping\vmf\zs_liquidity\zs_liquidity-compile.bsp
Error opening m:\source-mapping\vmf\zs_liquidity\zs_liquidity-compile.bsp