


materialPath: S:\SteamLibrary\SteamApps\common\GarrysMod\garrysmod\materials
Brush 0: File m:\source-mapping\vmf\zs_liquidity\zs_liquidity.temp.vmm, line 1: No such file or directory
Side 0
Texture: 



materialPath: S:\SteamLibrary\SteamApps\common\GarrysMod\garrysmod\materials
Brush 0: File m:\source-mapping\vmf\zs_liquidity\zs_liquidity.temp.vmm, line 1: No such file or directory
Side 0
Texture: 



materialPath: S:\SteamLibrary\SteamApps\common\GarrysMod\garrysmod\materials
fixing up env_cubemap materials on brush sides...
material "skybox/rt" not found.
Can't load skybox file skybox/ to build the default cubemap!
Can't load skybox file skybox/ to build the default cubemap!
Finding displacement neighbors...
Finding lightmap sample positions...
Displacement Alpha : 0...1...2...3...4...5...6...7...8...9...10
Building Physics collision data...
done (0) (16 bytes)
Placing detail props : 0...1...2...3...4...5...6...7...8...9...10



materialPath: S:\SteamLibrary\SteamApps\common\GarrysMod\garrysmod\materials
Brush 0: File m:\source-mapping\vmf\zs_liquidity\zs_liquidity.temp.vmm, line 1: No such file or directory
Side 0
Texture: 



materialPath: S:\SteamLibrary\SteamApps\common\GarrysMod\garrysmod\materials
fixing up env_cubemap materials on brush sides...
material "skybox/rt" not found.
Can't load skybox file skybox/ to build the default cubemap!
Can't load skybox file skybox/ to build the default cubemap!
Finding displacement neighbors...
Finding lightmap sample positions...
Displacement Alpha : 0...1...2...3...4...5...6...7...8...9...10
Building Physics collision data...
done (0) (16 bytes)
Placing detail props : 0...1...2...3...4...5...6...7...8...9...10



materialPath: S:\SteamLibrary\SteamApps\common\GarrysMod\garrysmod\materials
Brush 0: File m:\source-mapping\vmf\zs_liquidity\zs_liquidity.temp.vmm, line 1: No such file or directory
Side 0
Texture: 
